<?xml version="1.0" encoding="UTF-8"?>
<!-- Generated by org.testng.reporters.JUnitReportReporter -->
<testsuite ignored="1" hostname="USHYDKNASURUD5" failures="0" tests="1" name="com.qmetry.qaf.automation.step.client.DataDrivenScenario" time="10.201" errors="0" timestamp="27 Mar 2024 09:28:56 GMT" skipped="0">
  <testcase classname="com.qmetry.qaf.automation.step.client.DataDrivenScenario" name="user able to create data driven approach using JSON as the input file and output in JSON format." time="10.201"/>
  <testcase classname="com.qmetry.qaf.automation.step.client.DataDrivenScenario" name="user able to create data driven approach using JSON as the input file and output in JSON format.">
    <skipped/>
  </testcase> <!-- user able to create data driven approach using JSON as the input file and output in JSON format. -->
</testsuite> <!-- com.qmetry.qaf.automation.step.client.DataDrivenScenario -->
