<?xml version="1.0" encoding="UTF-8"?>
<!-- Generated by org.testng.reporters.JUnitReportReporter -->
<testsuite ignored="0" hostname="USHYDKNASURUD5" failures="0" tests="1" name="com.qmetry.qaf.automation.step.client.Scenario" time="22.988" errors="0" timestamp="26 Mar 2024 10:24:07 GMT" skipped="0">
  <testcase classname="com.qmetry.qaf.automation.step.client.Scenario" name="user able to create data driven approach using excel as the input file and output in excel format." time="22.988"/>
</testsuite> <!-- com.qmetry.qaf.automation.step.client.Scenario -->
